[INFO] Mon Feb 14 18:21:56 2022 | Bot is running... Cog Count: 0, Command Count: 1
[INFO] Mon Feb 14 18:31:48 2022 | Bot is running... Cog Count: 0, Command Count: 1
[INFO] Mon Feb 14 18:32:17 2022 | Bot is running... Cog Count: 0, Command Count: 1
[INFO] Mon Feb 14 18:34:04 2022 | Bot is running... Cog Count: 0, Command Count: 1
[INFO] Mon Feb 14 18:34:34 2022 | Bot is running... Cog Count: 0, Command Count: 1
[INFO] Mon Feb 14 18:40:57 2022 | Bot is running... Cog Count: 0, Command Count: 1
[INFO] Mon Feb 14 18:41:33 2022 | Bot is running... Cog Count: 0, Command Count: 1
[INFO] Mon Feb 14 18:42:13 2022 | Bot is running... Cog Count: 0, Command Count: 1
[INFO] Mon Feb 14 18:42:52 2022 | Bot is running... Cog Count: 0, Command Count: 1
[INFO] Mon Feb 14 20:11:25 2022 | Bot is running... Cog Count: 0, Command Count: 1
[INFO] Mon Feb 14 20:13:11 2022 | Bot is running... Cog Count: 0, Command Count: 1
[INFO] Mon Feb 14 20:14:34 2022 | Bot is running... Cog Count: 0, Command Count: 1
[INFO] Mon Feb 14 20:15:12 2022 | Bot is running... Cog Count: 1, Command Count: 2
[INFO] Mon Feb 14 20:16:05 2022 | Bot is running... Cog Count: 1, Command Count: 2
[INFO] Mon Feb 14 20:17:10 2022 | Bot is running... Cog Count: 1, Command Count: 2
[INFO] Mon Feb 14 20:18:06 2022 | Bot is running... Cog Count: 1, Command Count: 2
[INFO] Mon Feb 14 20:25:16 2022 | Bot is running... Cog Count: 1, Command Count: 2
[INFO] Mon Feb 14 20:30:10 2022 | Bot is running... Cog Count: 1, Command Count: 2
[INFO] Mon Feb 14 20:30:41 2022 | Bot is running... Cog Count: 1, Command Count: 2
[INFO] Mon Feb 14 20:30:50 2022 | Bot is running... Cog Count: 1, Command Count: 2
[INFO] Mon Feb 14 20:32:35 2022 | Bot is running... Cog Count: 1, Command Count: 2
[INFO] Mon Feb 14 20:34:14 2022 | Bot is running... Cog Count: 1, Command Count: 2
[INFO] Mon Feb 14 20:36:19 2022 | Bot is running... Cog Count: 1, Command Count: 2
[INFO] Mon Feb 14 20:37:06 2022 | Bot is running... Cog Count: 1, Command Count: 2
[INFO] Mon Feb 14 20:48:51 2022 | Bot is running... Cog Count: 1, Command Count: 2
[INFO] Mon Feb 14 20:57:07 2022 | Bot is running... Cog Count: 1, Command Count: 2
[INFO] Mon Feb 14 21:00:25 2022 | Bot is running... Cog Count: 1, Command Count: 2
[INFO] Mon Feb 14 21:03:56 2022 | Bot is running... Cog Count: 1, Command Count: 2
[INFO] Mon Feb 14 21:04:49 2022 | Bot is running... Cog Count: 1, Command Count: 2
[INFO] Mon Feb 14 21:06:26 2022 | Bot is running... Cog Count: 1, Command Count: 2
[INFO] Mon Feb 14 21:16:39 2022 | Bot is running... Cog Count: 1, Command Count: 3
[INFO] Mon Feb 14 21:17:08 2022 | Bot is running... Cog Count: 1, Command Count: 3
[INFO] Mon Feb 14 21:17:48 2022 | Bot is running... Cog Count: 1, Command Count: 3
[INFO] Mon Feb 14 21:20:10 2022 | Bot is running... Cog Count: 1, Command Count: 6
[INFO] Mon Feb 14 21:22:57 2022 | Bot is running... Cog Count: 0, Command Count: 1
[INFO] Mon Feb 14 21:23:37 2022 | Bot is running... Cog Count: 1, Command Count: 7
[INFO] Mon Feb 14 21:32:57 2022 | Bot is running... Cog Count: 1, Command Count: 7
[INFO] Mon Feb 14 21:36:45 2022 | Bot is running... Cog Count: 1, Command Count: 7
[INFO] Mon Feb 14 21:40:13 2022 | Bot is running... Cog Count: 1, Command Count: 7
[INFO] Mon Feb 14 21:46:25 2022 | Bot is running... Cog Count: 2, Command Count: 7
[INFO] Mon Feb 14 21:46:50 2022 | Bot is running... Cog Count: 2, Command Count: 8
[INFO] Tue Feb 15 06:41:26 2022 | Bot is running... Cog Count: 2, Command Count: 1
[INFO] Tue Feb 15 06:41:54 2022 | Bot is running... Cog Count: 2, Command Count: 1
[INFO] Tue Feb 15 06:43:31 2022 | Bot is running... Cog Count: 2, Command Count: 1
[INFO] Tue Feb 15 06:43:58 2022 | Bot is running... Cog Count: 2, Command Count: 1
[INFO] Tue Feb 15 06:46:54 2022 | Bot is running... Cog Count: 2, Command Count: 1
[INFO] Tue Feb 15 06:53:26 2022 | Bot is running... Cog Count: 2, Command Count: 1
[INFO] Tue Feb 15 06:55:24 2022 | Bot is running... Cog Count: 2, Command Count: 1
[INFO] Tue Feb 15 06:55:30 2022 | Bot is running... Cog Count: 2, Command Count: 1
[INFO] Tue Feb 15 06:56:13 2022 | Bot is running... Cog Count: 2, Command Count: 1
[INFO] Tue Feb 15 07:00:02 2022 | Bot is running... Cog Count: 2, Command Count: 1
[INFO] Tue Feb 15 20:17:16 2022 | Bot is running... Cog Count: 3, Command Count: 2
[INFO] Tue Feb 15 20:19:06 2022 | Bot is running... Cog Count: 3, Command Count: 2
[INFO] Tue Feb 15 20:22:46 2022 | Bot is running... Cog Count: 3, Command Count: 8
[INFO] Tue Feb 15 20:23:56 2022 | Bot is running... Cog Count: 3, Command Count: 8
[INFO] Tue Feb 15 20:26:08 2022 | Bot is running... Cog Count: 3, Command Count: 8
[INFO] Tue Feb 15 20:32:26 2022 | Bot is running... Cog Count: 3, Command Count: 11
[INFO] Tue Feb 15 20:34:30 2022 | Bot is running... Cog Count: 3, Command Count: 11
[INFO] Tue Feb 15 20:35:48 2022 | Bot is running... Cog Count: 3, Command Count: 11
[INFO] Tue Feb 15 20:36:47 2022 | Bot is running... Cog Count: 3, Command Count: 11
[INFO] Tue Feb 15 20:38:46 2022 | Bot is running... Cog Count: 3, Command Count: 11
[INFO] Tue Feb 15 20:39:38 2022 | Bot is running... Cog Count: 3, Command Count: 11
[INFO] Tue Feb 15 20:40:11 2022 | Bot is running... Cog Count: 3, Command Count: 11
[INFO] Tue Feb 15 20:45:42 2022 | Bot is running... Cog Count: 3, Command Count: 16
[INFO] Tue Feb 15 20:46:49 2022 | Bot is running... Cog Count: 3, Command Count: 16
[INFO] Tue Feb 15 20:58:51 2022 | Bot is running... Cog Count: 3, Command Count: 16
[INFO] Tue Feb 15 21:01:08 2022 | Bot is running... Cog Count: 3, Command Count: 16
[INFO] Tue Feb 15 21:01:31 2022 | Bot is running... Cog Count: 3, Command Count: 16
[INFO] Tue Feb 15 21:01:38 2022 | Bot is running... Cog Count: 3, Command Count: 16
[INFO] Tue Feb 15 21:02:10 2022 | Bot is running... Cog Count: 3, Command Count: 16
[INFO] Tue Feb 15 21:03:39 2022 | Bot is running... Cog Count: 3, Command Count: 16
[INFO] Tue Feb 15 21:03:51 2022 | Bot is running... Cog Count: 3, Command Count: 16
[INFO] Tue Feb 15 21:15:37 2022 | Bot is running... Cog Count: 3, Command Count: 16
[INFO] Tue Feb 15 21:16:18 2022 | Bot is running... Cog Count: 3, Command Count: 16
[INFO] Tue Feb 15 21:17:16 2022 | Bot is running... Cog Count: 3, Command Count: 16
[INFO] Tue Feb 15 21:17:50 2022 | Bot is running... Cog Count: 3, Command Count: 16
[INFO] Tue Feb 15 21:20:20 2022 | Bot is running... Cog Count: 3, Command Count: 17
[INFO] Tue Feb 15 21:20:49 2022 | Bot is running... Cog Count: 3, Command Count: 17
[INFO] Tue Feb 15 21:21:38 2022 | Bot is running... Cog Count: 3, Command Count: 17
[INFO] Tue Feb 15 21:24:25 2022 | Bot is running... Cog Count: 3, Command Count: 17
[INFO] Tue Feb 15 21:25:20 2022 | Bot is running... Cog Count: 3, Command Count: 17
[INFO] Tue Feb 15 21:25:53 2022 | Bot is running... Cog Count: 3, Command Count: 17
[INFO] Tue Feb 15 21:26:33 2022 | Bot is running... Cog Count: 3, Command Count: 17
[INFO] Tue Feb 15 21:26:38 2022 | Bot is running... Cog Count: 3, Command Count: 17
[INFO] Tue Feb 15 21:27:36 2022 | Bot is running... Cog Count: 3, Command Count: 17
[INFO] Tue Feb 15 21:28:23 2022 | Bot is running... Cog Count: 3, Command Count: 17
[INFO] Tue Feb 15 21:29:35 2022 | Bot is running... Cog Count: 3, Command Count: 17
[INFO] Tue Feb 15 21:32:17 2022 | Bot is running... Cog Count: 3, Command Count: 17
[INFO] Tue Feb 15 21:32:31 2022 | Bot is running... Cog Count: 3, Command Count: 18
[INFO] Tue Feb 15 21:34:51 2022 | Bot is running... Cog Count: 3, Command Count: 18
[INFO] Tue Feb 15 21:35:19 2022 | Bot is running... Cog Count: 3, Command Count: 18
[INFO] Tue Feb 15 21:35:59 2022 | Bot is running... Cog Count: 3, Command Count: 18
[INFO] Tue Feb 15 21:40:37 2022 | Bot is running... Cog Count: 3, Command Count: 18
[INFO] Tue Feb 15 21:41:22 2022 | Bot is running... Cog Count: 3, Command Count: 18
[INFO] Tue Feb 15 21:41:50 2022 | Bot is running... Cog Count: 3, Command Count: 18
[INFO] Tue Feb 15 21:43:02 2022 | Bot is running... Cog Count: 3, Command Count: 18
[INFO] Tue Feb 15 21:44:29 2022 | Bot is running... Cog Count: 3, Command Count: 18
[INFO] Tue Feb 15 21:46:43 2022 | Bot is running... Cog Count: 3, Command Count: 18
[INFO] Tue Feb 15 21:48:04 2022 | Bot is running... Cog Count: 3, Command Count: 18
[INFO] Tue Feb 15 21:49:23 2022 | Bot is running... Cog Count: 3, Command Count: 18
[INFO] Tue Feb 15 21:50:17 2022 | Bot is running... Cog Count: 3, Command Count: 18
[INFO] Tue Feb 15 21:50:41 2022 | Bot is running... Cog Count: 3, Command Count: 18
[INFO] Tue Feb 15 21:51:21 2022 | Bot is running... Cog Count: 3, Command Count: 18
[INFO] Tue Feb 15 21:51:40 2022 | Bot is running... Cog Count: 3, Command Count: 18
[INFO] Tue Feb 15 21:51:54 2022 | Bot is running... Cog Count: 3, Command Count: 18
[INFO] Tue Feb 15 21:53:54 2022 | Bot is running... Cog Count: 3, Command Count: 18
[INFO] Tue Feb 15 21:54:50 2022 | Bot is running... Cog Count: 3, Command Count: 18
[INFO] Tue Feb 15 21:55:55 2022 | Bot is running... Cog Count: 3, Command Count: 18
[INFO] Tue Feb 15 21:56:27 2022 | Bot is running... Cog Count: 3, Command Count: 18
[INFO] Tue Feb 15 21:59:25 2022 | Bot is running... Cog Count: 3, Command Count: 18
[INFO] Tue Feb 15 22:04:41 2022 | Bot is running... Cog Count: 3, Command Count: 17
[INFO] Tue Feb 15 22:55:07 2022 | Bot is running... Cog Count: 4, Command Count: 18
[INFO] Tue Feb 15 22:59:35 2022 | Bot is running... Cog Count: 4, Command Count: 18
[INFO] Tue Feb 15 23:01:08 2022 | Bot is running... Cog Count: 4, Command Count: 18
[INFO] Tue Feb 15 23:06:17 2022 | Bot is running... Cog Count: 4, Command Count: 19
[INFO] Tue Feb 15 23:06:31 2022 | Bot is running... Cog Count: 4, Command Count: 19
[INFO] Tue Feb 15 23:07:18 2022 | Bot is running... Cog Count: 4, Command Count: 19
[INFO] Tue Feb 15 23:09:23 2022 | Bot is running... Cog Count: 4, Command Count: 19
[INFO] Wed Feb 16 06:40:41 2022 | Bot is running... Cog Count: 5, Command Count: 20
[INFO] Wed Feb 16 06:44:24 2022 | Bot is running... Cog Count: 5, Command Count: 20
[INFO] Wed Feb 16 06:56:08 2022 | Bot is running... Cog Count: 5, Command Count: 20
[INFO] Wed Feb 16 06:58:03 2022 | Bot is running... Cog Count: 5, Command Count: 20
[INFO] Wed Feb 16 15:20:36 2022 | Bot is running... Cog Count: 5, Command Count: 22
[INFO] Wed Feb 16 15:23:13 2022 | Bot is running... Cog Count: 5, Command Count: 22
[INFO] Wed Feb 16 15:25:04 2022 | Bot is running... Cog Count: 5, Command Count: 22
[INFO] Wed Feb 16 19:34:24 2022 | Bot is running... Cog Count: 6, Command Count: 23
[INFO] Wed Feb 16 19:35:58 2022 | Bot is running... Cog Count: 6, Command Count: 23
[INFO] Wed Feb 16 19:36:28 2022 | Bot is running... Cog Count: 6, Command Count: 23
[INFO] Wed Feb 16 19:43:00 2022 | Bot is running... Cog Count: 6, Command Count: 23
[INFO] Wed Feb 16 19:46:59 2022 | Bot is running... Cog Count: 6, Command Count: 24
[INFO] Wed Feb 16 22:20:13 2022 | Bot is running... Cog Count: 6, Command Count: 24
[INFO] Wed Feb 16 22:22:42 2022 | Bot is running... Cog Count: 6, Command Count: 24
[INFO] Wed Feb 16 22:25:21 2022 | Bot is running... Cog Count: 6, Command Count: 24
[INFO] Wed Feb 16 22:27:11 2022 | Bot is running... Cog Count: 6, Command Count: 24
[INFO] Wed Feb 16 22:27:53 2022 | Bot is running... Cog Count: 6, Command Count: 24
[INFO] Wed Feb 16 22:28:16 2022 | Bot is running... Cog Count: 6, Command Count: 24
[INFO] Wed Feb 16 22:29:12 2022 | Bot is running... Cog Count: 6, Command Count: 24
[INFO] Wed Feb 16 22:29:35 2022 | Bot is running... Cog Count: 6, Command Count: 24
[INFO] Wed Feb 16 22:29:59 2022 | Bot is running... Cog Count: 6, Command Count: 24
[INFO] Wed Feb 16 22:37:11 2022 | Bot is running... Cog Count: 6, Command Count: 24
[INFO] Wed Feb 16 22:38:59 2022 | Bot is running... Cog Count: 6, Command Count: 24
[INFO] Wed Feb 16 23:14:38 2022 | Bot is running... Cog Count: 7, Command Count: 30
[INFO] Wed Feb 16 23:17:42 2022 | Bot is running... Cog Count: 7, Command Count: 30
[INFO] Wed Feb 16 23:19:36 2022 | Bot is running... Cog Count: 7, Command Count: 30
[INFO] Wed Feb 16 23:26:19 2022 | Bot is running... Cog Count: 7, Command Count: 30
[INFO] Wed Feb 16 23:27:11 2022 | Bot is running... Cog Count: 7, Command Count: 30
[INFO] Wed Feb 16 23:29:39 2022 | Bot is running... Cog Count: 7, Command Count: 30
[INFO] Wed Feb 16 23:30:05 2022 | Bot is running... Cog Count: 7, Command Count: 30
[INFO] Thu Feb 17 06:44:48 2022 | Bot is running... Cog Count: 7, Command Count: 30
[INFO] Thu Feb 17 06:45:39 2022 | Bot is running... Cog Count: 7, Command Count: 30
[INFO] Thu Feb 17 20:33:58 2022 | Bot is running... Cog Count: 7, Command Count: 30
[INFO] Thu Feb 17 21:49:18 2022 | Bot is running... Cog Count: 8, Command Count: 31
[INFO] Thu Feb 17 23:47:26 2022 | Bot is running... Cog Count: 8, Command Count: 33
[INFO] Thu Feb 17 23:48:23 2022 | Bot is running... Cog Count: 8, Command Count: 33
[INFO] Thu Feb 17 23:56:30 2022 | Bot is running... Cog Count: 8, Command Count: 33
[INFO] Thu Feb 17 23:58:12 2022 | Bot is running... Cog Count: 8, Command Count: 33
[INFO] Thu Feb 17 23:59:48 2022 | Bot is running... Cog Count: 8, Command Count: 33
[INFO] Fri Feb 18 00:00:32 2022 | Bot is running... Cog Count: 8, Command Count: 33
[INFO] Fri Feb 18 04:13:26 2022 | Bot is running... Cog Count: 8, Command Count: 33
[INFO] Fri Feb 18 04:15:10 2022 | Bot is running... Cog Count: 8, Command Count: 33
[INFO] Fri Feb 18 04:41:11 2022 | Bot is running... Cog Count: 8, Command Count: 34
[INFO] Fri Feb 18 04:44:35 2022 | Bot is running... Cog Count: 8, Command Count: 34
[INFO] Fri Feb 18 04:45:20 2022 | Bot is running... Cog Count: 8, Command Count: 34
[INFO] Fri Feb 18 04:45:53 2022 | Bot is running... Cog Count: 8, Command Count: 34
[INFO] Fri Feb 18 04:46:44 2022 | Bot is running... Cog Count: 8, Command Count: 34
[INFO] Fri Feb 18 04:47:14 2022 | Bot is running... Cog Count: 8, Command Count: 34
[INFO] Fri Feb 18 04:50:19 2022 | Bot is running... Cog Count: 8, Command Count: 34
[INFO] Fri Feb 18 04:53:15 2022 | Bot is running... Cog Count: 8, Command Count: 34
[INFO] Fri Feb 18 04:56:38 2022 | Bot is running... Cog Count: 8, Command Count: 35
[INFO] Fri Feb 18 04:58:18 2022 | Bot is running... Cog Count: 8, Command Count: 36
[INFO] Fri Feb 18 05:01:25 2022 | Bot is running... Cog Count: 8, Command Count: 36
[INFO] Fri Feb 18 05:02:37 2022 | Bot is running... Cog Count: 8, Command Count: 36
[INFO] Fri Feb 18 12:57:25 2022 | Bot is running... Cog Count: 8, Command Count: 36
[INFO] Fri Feb 18 12:58:07 2022 | Bot is running... Cog Count: 8, Command Count: 36
[INFO] Fri Feb 18 12:58:36 2022 | Bot is running... Cog Count: 8, Command Count: 36
[INFO] Fri Feb 18 13:56:45 2022 | Bot is running... Cog Count: 8, Command Count: 36
[INFO] Fri Feb 18 21:28:30 2022 | Bot is running... Cog Count: 8, Command Count: 36
[INFO] Sun Feb 20 05:33:19 2022 | Bot is running... Cog Count: 8, Command Count: 37
[INFO] Sun Feb 20 05:51:53 2022 | Bot is running... Cog Count: 8, Command Count: 37
[INFO] Sun Feb 20 05:54:44 2022 | Bot is running... Cog Count: 8, Command Count: 37
[INFO] Sun Feb 20 05:55:09 2022 | Bot is running... Cog Count: 8, Command Count: 37
[INFO] Sun Feb 20 06:22:13 2022 | Bot is running... Cog Count: 8, Command Count: 38
[INFO] Sun Feb 20 06:23:36 2022 | Bot is running... Cog Count: 8, Command Count: 38
[INFO] Sun Feb 20 12:21:32 2022 | Bot is running... Cog Count: 8, Command Count: 38
[INFO] Sun Feb 20 12:23:02 2022 | Bot is running... Cog Count: 8, Command Count: 38
[INFO] Sun Feb 20 12:29:42 2022 | Bot is running... Cog Count: 8, Command Count: 38
[INFO] Sun Feb 20 12:30:23 2022 | Bot is running... Cog Count: 8, Command Count: 38
[INFO] Sun Feb 20 12:31:55 2022 | Bot is running... Cog Count: 8, Command Count: 38
[INFO] Sun Feb 20 23:49:31 2022 | Bot is running... Cog Count: 8, Command Count: 38
[INFO] Mon Feb 21 01:00:55 2022 | Bot is running... Cog Count: 8, Command Count: 39
[INFO] Mon Feb 21 01:22:22 2022 | Bot is running... Cog Count: 8, Command Count: 39
[INFO] Mon Feb 21 01:27:25 2022 | Bot is running... Cog Count: 8, Command Count: 39
[INFO] Mon Feb 21 01:37:20 2022 | Bot is running... Cog Count: 8, Command Count: 39
[INFO] Mon Feb 21 01:45:50 2022 | Bot is running... Cog Count: 8, Command Count: 40
[INFO] Mon Feb 21 01:52:20 2022 | Bot is running... Cog Count: 8, Command Count: 41
[INFO] Mon Feb 21 02:40:41 2022 | Bot is running... Cog Count: 8, Command Count: 41
[INFO] Mon Feb 21 02:55:42 2022 | Bot is running... Cog Count: 8, Command Count: 42
[INFO] Mon Feb 21 03:02:44 2022 | Bot is running... Cog Count: 8, Command Count: 42
[INFO] Mon Feb 21 15:35:00 2022 | Bot is running... Cog Count: 8, Command Count: 42
[INFO] Thu Feb 24 12:55:19 2022 | Bot is running... Cog Count: 8, Command Count: 43
[INFO] Thu Feb 24 14:41:39 2022 | Bot is running... Cog Count: 8, Command Count: 43
[INFO] Thu Feb 24 14:44:14 2022 | Bot is running... Cog Count: 8, Command Count: 43
[INFO] Thu Feb 24 14:51:27 2022 | Bot is running... Cog Count: 8, Command Count: 44
[INFO] Thu Feb 24 14:55:29 2022 | Bot is running... Cog Count: 8, Command Count: 44
